<?xml version="1.0" encoding="UTF-8"?>
<!-- Generated by org.testng.reporters.JUnitXMLReporter -->
<testsuite ignored="5" hostname="LAPTOP-UBVRQAH1" failures="0" tests="1" name="Default test" time="14.764" errors="0" timestamp="2025-05-25T23:46:21 IST">
  <testcase classname="testExecutionSuite.TestExecute" name="Subscription_homepage" time="5.642"/>
  <testcase classname="testExecutionSuite.TestExecute" name="Existingmail" time="0.0">
    <ignored/>
  </testcase> <!-- Existingmail -->
  <testcase classname="testExecutionSuite.TestExecute" name="Login" time="0.0">
    <ignored/>
  </testcase> <!-- Login -->
  <testcase classname="testExecutionSuite.TestExecute" name="Testcasepage" time="0.0">
    <ignored/>
  </testcase> <!-- Testcasepage -->
  <testcase classname="testExecutionSuite.TestExecute" name="Contact_us" time="0.0">
    <ignored/>
  </testcase> <!-- Contact_us -->
  <testcase classname="testExecutionSuite.TestExecute" name="Register" time="0.0">
    <ignored/>
  </testcase> <!-- Register -->
</testsuite> <!-- Default test -->
