<?xml version="1.0" encoding="UTF-8"?>
<!-- Generated by org.testng.reporters.JUnitXMLReporter -->
<testsuite ignored="0" hostname="DESKTOP-MO0SOCE" failures="0" tests="3" name="Test" time="47.555" errors="0" timestamp="2025-05-20T22:55:17 IST">
  <testcase classname="testExecutionSuite.TestExecute" name="Register" time="30.674"/>
  <testcase classname="testExecutionSuite.TestExecute" name="Existingmail" time="8.252"/>
  <testcase classname="testExecutionSuite.TestExecute" name="Testcasepage" time="2.895"/>
</testsuite> <!-- Test -->
