<?xml version="1.0" encoding="UTF-8"?>
<testng-results ignored="5" total="6" passed="1" failed="0" skipped="0">
  <reporter-output>
  </reporter-output>
  <suite started-at="2025-05-25T23:46:06 IST" name="Default suite" finished-at="2025-05-25T23:46:21 IST" duration-ms="14764">
    <groups>
    </groups>
    <test started-at="2025-05-25T23:46:06 IST" name="Default test" finished-at="2025-05-25T23:46:21 IST" duration-ms="14764">
      <class name="testExecutionSuite.TestExecute">
        <test-method is-config="true" signature="beforeTest()[pri:0, instance:testExecutionSuite.TestExecute@3590fc5b]" started-at="2025-05-25T23:46:06 IST" name="beforeTest" finished-at="2025-05-25T23:46:15 IST" duration-ms="8692" status="PASS">
          <reporter-output>
          </reporter-output>
        </test-method> <!-- beforeTest -->
        <test-method signature="Subscription_homepage()[pri:10, instance:testExecutionSuite.TestExecute@3590fc5b]" started-at="2025-05-25T23:46:15 IST" name="Subscription_homepage" finished-at="2025-05-25T23:46:21 IST" duration-ms="5642" status="PASS">
          <reporter-output>
          </reporter-output>
        </test-method> <!-- Subscription_homepage -->
        <test-method is-config="true" signature="afterTest()[pri:0, instance:testExecutionSuite.TestExecute@3590fc5b]" started-at="2025-05-25T23:46:21 IST" name="afterTest" finished-at="2025-05-25T23:46:21 IST" duration-ms="365" status="PASS">
          <reporter-output>
          </reporter-output>
        </test-method> <!-- afterTest -->
      </class> <!-- testExecutionSuite.TestExecute -->
    </test> <!-- Default test -->
  </suite> <!-- Default suite -->
</testng-results>
